<?xml version="1.0" encoding="UTF-8"?>
<testsuite xmlns:xsi="http://www.w3.org/2001/XMLSchema-instance" xsi:noNamespaceSchemaLocation="https://maven.apache.org/surefire/maven-surefire-plugin/xsd/surefire-test-report.xsd" name="nl.han.oose.project.datasource.DAO.RaceDataDAOTest" time="1.786" tests="7" errors="0" skipped="0" failures="0">
  <properties>
[...]
</properties>
  <testcase name="findWhereSensorIsBetweenDate_ReturnsData_IfInfoExists" classname="nl.han.oose.project.datasource.DAO.RaceDataDAOTest" time="0.778"/>
  <testcase name="findWhereSensorIsOnDate_ReturnsDataOnASpecificTime_IfThereIsInfo" classname="nl.han.oose.project.datasource.DAO.RaceDataDAOTest" time="0.147"/>
  <testcase name="findWhereSensorIsOnDay" classname="nl.han.oose.project.datasource.DAO.RaceDataDAOTest" time="0.141"/>
  <testcase name="findAllCars_ReturnsListOfRaceCarNames_IfInfoExists" classname="nl.han.oose.project.datasource.DAO.RaceDataDAOTest" time="0.143"/>
  <testcase name="findAll_ReturnsListOfRaceDataDTO" classname="nl.han.oose.project.datasource.DAO.RaceDataDAOTest" time="0.223"/>
  <testcase name="findAll_ReturnsAllData_WhenInfoExists" classname="nl.han.oose.project.datasource.DAO.RaceDataDAOTest" time="0.21"/>
  <testcase name="findNewDataWhereSensorIs" classname="nl.han.oose.project.datasource.DAO.RaceDataDAOTest" time="0.141"/>
</testsuite>